<?xml version="1.0" encoding="UTF-8" ?>
<testsuite errors="0" failures="0" hostname="mycom" name="net.ion.radon.repository.TestAllRepository" tests="257" time="9.5" timestamp="2011-11-21T19:46:27">
  <properties>
[...]
</properties>
  <testcase classname="net.ion.radon.repository.TestCreate" name="testNewNode" time="0.187" />
  <testcase classname="net.ion.radon.repository.TestCreate" name="testOtherType" time="0.016" />
  <testcase classname="net.ion.radon.repository.TestCreate" name="testCaseSentive" time="0.0" />
  <testcase classname="net.ion.radon.repository.TestCreate" name="testCaseInSentiveQuery" time="0.0" />
  <testcase classname="net.ion.radon.repository.TestCreate" name="testCreateWithPath" time="0.016" />
  <testcase classname="net.ion.radon.repository.TestCreate" name="testChildNode" time="0.031" />
  <testcase classname="net.ion.radon.repository.TestCreate" name="testDupName" time="0.016" />
  <testcase classname="net.ion.radon.repository.TestCreate" name="testPath" time="0.016" />
  <testcase classname="net.ion.radon.repository.TestCreate" name="testReserved" time="0.0" />
  <testcase classname="net.ion.radon.repository.TestUpdate" name="testUpdate" time="0.015" />
  <testcase classname="net.ion.radon.repository.TestUpdate" name="testFindUpdate" time="0.016" />
  <testcase classname="net.ion.radon.repository.TestUpdate" name="testFindOverwrite" time="0.015" />
  <testcase classname="net.ion.radon.repository.TestUpdate" name="testNotExistUpdate" time="0.0" />
  <testcase classname="net.ion.radon.repository.TestUpdate" name="testMultiUpdate" time="0.032" />
  <testcase classname="net.ion.radon.repository.TestUpdate" name="testResult" time="0.015" />
  <testcase classname="net.ion.radon.repository.TestUpdate" name="testLastResult" time="0.016" />
  <testcase classname="net.ion.radon.repository.TestRemove" name="testNodeRemove" time="0.0" />
  <testcase classname="net.ion.radon.repository.TestRemove" name="testQueryRemove" time="0.031" />
  <testcase classname="net.ion.radon.repository.TestRootNode" name="testPath" time="0.0" />
  <testcase classname="net.ion.radon.repository.TestRootNode" name="testGet" time="0.0" />
  <testcase classname="net.ion.radon.repository.TestRootNode" name="testChild" time="0.031" />
  <testcase classname="net.ion.radon.repository.TestFind" name="testFindById" time="0.016" />
  <testcase classname="net.ion.radon.repository.TestFind" name="testFindByProperty" time="0.0" />
  <testcase classname="net.ion.radon.repository.TestFind" name="testFindByPath" time="0.047" />
  <testcase classname="net.ion.radon.repository.TestFind" name="testByAradonId" time="0.016" />
  <testcase classname="net.ion.radon.repository.TestFind" name="testEqual" time="0.015" />
  <testcase classname="net.ion.radon.repository.TestColumns" name="testSelect" time="0.016" />
  <testcase classname="net.ion.radon.repository.TestColumns" name="testBlankColumn" time="0.031" />
  <testcase classname="net.ion.radon.repository.TestColumns" name="testSelectDup" time="0.016" />
  <testcase classname="net.ion.radon.repository.TestColumns" name="testCompositeSelect" time="0.031" />
  <testcase classname="net.ion.radon.repository.TestColumns" name="testCompositeSelect2" time="0.016" />
  <testcase classname="net.ion.radon.repository.TestColumns" name="testSlice" time="0.031" />
  <testcase classname="net.ion.radon.repository.TestColumns" name="testExcludeSlice" time="0.015" />
  <testcase classname="net.ion.radon.repository.TestAdvanceColumns" name="testSlice" time="0.016" />
  <testcase classname="net.ion.radon.repository.TestTemporaryNode" name="testCreateTempNode" time="0.0" />
  <testcase classname="net.ion.radon.repository.TestTemporaryNode" name="testSetGet" time="0.0" />
  <testcase classname="net.ion.radon.repository.TestTemporaryNode" name="testAppend" time="0.0" />
  <testcase classname="net.ion.radon.repository.TestTemporaryNode" name="testMerge" time="0.015" />
  <testcase classname="net.ion.radon.repository.TestTemporaryNode" name="testGetParent" time="0.0" />
  <testcase classname="net.ion.radon.repository.TestTemporaryNode" name="testMergeId" time="0.016" />
  <testcase classname="net.ion.radon.repository.TestTemporaryNode" name="testMergeAradonId" time="0.016" />
  <testcase classname="net.ion.radon.repository.TestTemporaryNode" name="testMergePath" time="0.015" />
  <testcase classname="net.ion.radon.repository.TestTemporaryNode" name="testMergtPath2" time="0.016" />
  <testcase classname="net.ion.radon.repository.TestTemporaryNode" name="testInListOverwrite" time="0.015" />
  <testcase classname="net.ion.radon.repository.TestMergeNode" name="testMergeNode" time="0.016" />
  <testcase classname="net.ion.radon.repository.TestMergeNode" name="testMetaGet" time="0.0" />
  <testcase classname="net.ion.radon.repository.TestMergeNode" name="testMergeOnExist" time="0.016" />
  <testcase classname="net.ion.radon.repository.TestMergeNode" name="testNotExist" time="0.015" />
  <testcase classname="net.ion.radon.repository.TestMergeNode" name="testLastModified" time="0.11" />
  <testcase classname="net.ion.radon.repository.TestMergeNode" name="testNotOverwriteAgeProperty" time="0.109" />
  <testcase classname="net.ion.radon.repository.TestMergeNode" name="testNotOverwriteAgePropertyButNotExist" time="0.016" />
  <testcase classname="net.ion.radon.repository.TestMergeNode" name="testRelation" time="0.031" />
  <testcase classname="net.ion.radon.repository.TestToMap" name="testGet" time="0.0" />
  <testcase classname="net.ion.radon.repository.TestToMap" name="testInnerClass" time="0.016" />
  <testcase classname="net.ion.radon.repository.TestToMap" name="testTempInner" time="0.0" />
  <testcase classname="net.ion.radon.repository.TestToMap" name="testInList" time="0.0" />
  <testcase classname="net.ion.radon.repository.TestAppend" name="testAppend" time="0.015" />
  <testcase classname="net.ion.radon.repository.TestParticialNode" name="testWithColumns" time="0.016" />
  <testcase classname="net.ion.radon.repository.TestParticialNode" name="testPush" time="0.0" />
  <testcase classname="net.ion.radon.repository.TestNodeCursor" name="testSelectAll" time="0.062" />
  <testcase classname="net.ion.radon.repository.TestNodeCursor" name="testPaging" time="0.032" />
  <testcase classname="net.ion.radon.repository.TestNodeCursor" name="testSort" time="0.031" />
  <testcase classname="net.ion.radon.repository.TestNodeCursor" name="testEach" time="0.031" />
  <testcase classname="net.ion.radon.repository.TestNodeCursor" name="testDebugPrint" time="0.031" />
  <testcase classname="net.ion.radon.repository.TestNodeCursor" name="testScreen" time="0.032" />
  <testcase classname="net.ion.radon.repository.TestAdvanceNode" name="testCompare" time="0.015" />
  <testcase classname="net.ion.radon.repository.TestAdvanceNode" name="testTwoCompare" time="0.016" />
  <testcase classname="net.ion.radon.repository.TestAdvanceNode" name="testListCompare" time="0.015" />
  <testcase classname="net.ion.radon.repository.TestAdvanceNode" name="testInListCompare" time="0.016" />
  <testcase classname="net.ion.radon.repository.TestAdvanceNode" name="testEncrypt" time="0.266" />
  <testcase classname="net.ion.radon.repository.TestAdvanceNode" name="testIncrease" time="0.015" />
  <testcase classname="net.ion.radon.repository.TestAdvanceNodeGet" name="testByAradonId" time="0.032" />
  <testcase classname="net.ion.radon.repository.TestAdvanceNodeGet" name="testBlankGet" time="0.015" />
  <testcase classname="net.ion.radon.repository.TestAdvanceNodeGet" name="testByPath" time="0.016" />
  <testcase classname="net.ion.radon.repository.TestAdvanceNodeGet" name="testPathWorkspace" time="0.015" />
  <testcase classname="net.ion.radon.repository.TestAdvanceNodeGet" name="testPathWorkspace2" time="0.032" />
  <testcase classname="net.ion.radon.repository.TestAdvanceNodeGet" name="testByAradonIdWorkspace" time="0.015" />
  <testcase classname="net.ion.radon.repository.TestAdvanceNodeGet" name="testByAradonIdWorkspace2" time="0.016" />
  <testcase classname="net.ion.radon.repository.TestAdvanceNodeGet" name="testByAradonIdNumeric" time="0.016" />
  <testcase classname="net.ion.radon.repository.TestAdvanceNodeGet" name="testInListNodeExpression" time="0.046" />
  <testcase classname="net.ion.radon.repository.TestAradonId" name="testNewNode" time="0.016" />
  <testcase classname="net.ion.radon.repository.TestAradonId" name="testFind" time="0.031" />
  <testcase classname="net.ion.radon.repository.TestAradonId" name="testPredefinedIndexCount" time="0.016" />
  <testcase classname="net.ion.radon.repository.TestAradonId" name="testAradonId" time="0.031" />
  <testcase classname="net.ion.radon.repository.TestAradonId" name="testGroupPath" time="0.015" />
  <testcase classname="net.ion.radon.repository.TestAradonId" name="testGroupAndId" time="0.032" />
  <testcase classname="net.ion.radon.repository.TestAradonId" name="testAradonIdSort" time="0.015" />
  <testcase classname="net.ion.radon.repository.TestAradonId" name="testfindGroupUid" time="0.016" />
  <testcase classname="net.ion.radon.repository.function.TestFunction" name="testColumnParse" time="0.016" />
  <testcase classname="net.ion.radon.repository.function.TestFunction" name="testSecurity" time="0.0" />
  <testcase classname="net.ion.radon.repository.function.TestFunction" name="testToCharFromDate" time="0.015" />
  <testcase classname="net.ion.radon.repository.function.TestFunction" name="testToChar" time="0.0" />
  <testcase classname="net.ion.radon.repository.function.TestFunction" name="testDateColumn" time="0.078" />
  <testcase classname="net.ion.radon.repository.function.TestFunction" name="testDateOrder" time="0.016" />
  <testcase classname="net.ion.radon.repository.function.TestFunction" name="testPrefix" time="0.0" />
  <testcase classname="net.ion.radon.repository.TestInnerNode" name="testInterrface" time="0.016" />
  <testcase classname="net.ion.radon.repository.TestInnerNode" name="testComplicateGet" time="0.0" />
  <testcase classname="net.ion.radon.repository.TestInnerNode" name="testComplicateInner" time="0.0" />
  <testcase classname="net.ion.radon.repository.TestLastModified" name="testWhenNew" time="0.11" />
  <testcase classname="net.ion.radon.repository.TestLastModified" name="testQueryUpdate" time="0.218" />
  <testcase classname="net.ion.radon.repository.TestQueryOperator" name="testEqual" time="0.0" />
  <testcase classname="net.ion.radon.repository.TestQueryOperator" name="testNotExist" time="0.016" />
  <testcase classname="net.ion.radon.repository.TestQueryOperator" name="testAllFind" time="0.016" />
  <testcase classname="net.ion.radon.repository.TestQueryOperator" name="testGreaterThan" time="0.015" />
  <testcase classname="net.ion.radon.repository.TestQueryOperator" name="testGraterThanEqual" time="0.016" />
  <testcase classname="net.ion.radon.repository.TestQueryOperator" name="testLessThan" time="0.0" />
  <testcase classname="net.ion.radon.repository.TestQueryOperator" name="testLessThanEqual" time="0.015" />
  <testcase classname="net.ion.radon.repository.TestQueryOperator" name="testInExpression" time="0.016" />
  <testcase classname="net.ion.radon.repository.TestQueryOperator" name="testExist" time="0.016" />
  <testcase classname="net.ion.radon.repository.TestQueryOperator" name="testBetween" time="0.047" />
  <testcase classname="net.ion.radon.repository.TestQueryOperator" name="testBetween2" time="0.015" />
  <testcase classname="net.ion.radon.repository.TestQueryOperator" name="testOrExpression" time="0.016" />
  <testcase classname="net.ion.radon.repository.TestQueryOperator" name="testOr2" time="0.015" />
  <testcase classname="net.ion.radon.repository.TestQueryOperator" name="testOrAradonGroup" time="0.047" />
  <testcase classname="net.ion.radon.repository.TestQueryOperator" name="testRegExpression" time="0.016" />
  <testcase classname="net.ion.radon.repository.TestQueryOperator" name="testAnd" time="0.016" />
  <testcase classname="net.ion.radon.repository.TestQueryOperator" name="testCompositeAnd" time="0.031" />
  <testcase classname="net.ion.radon.repository.TestQueryOperator" name="testWhere" time="0.015" />
  <testcase classname="net.ion.radon.repository.TestQueryOperator" name="testDate" time="0.032" />
  <testcase classname="net.ion.radon.repository.TestQueryOperator" name="testDateLessThen" time="0.015" />
  <testcase classname="net.ion.radon.repository.TestQueryOperator" name="testDateGreaterThen" time="0.016" />
  <testcase classname="net.ion.radon.repository.TestQueryMDL" name="testQueryRemove" time="0.016" />
  <testcase classname="net.ion.radon.repository.TestQueryMDL" name="testQueryUpdate" time="0.015" />
  <testcase classname="net.ion.radon.repository.TestAdvanceQuery" name="testAnd" time="0.047" />
  <testcase classname="net.ion.radon.repository.TestAdvanceQuery" name="testNotify" time="0.0" />
  <testcase classname="net.ion.radon.repository.ics.TestAradonQuery" name="testExecQuery" time="0.016" />
  <testcase classname="net.ion.radon.repository.ics.TestAradonQuery" name="testTypeConvert" time="0.015" />
  <testcase classname="net.ion.radon.repository.TestRepositoryCentral" name="testCreate" time="0.0" />
  <testcase classname="net.ion.radon.repository.TestRepositoryCentral" name="testSameMongo" time="0.0" />
  <testcase classname="net.ion.radon.repository.TestSession" name="testParentChild2" time="0.0" />
  <testcase classname="net.ion.radon.repository.TestSession" name="testSameSessionInSameThread" time="0.0" />
  <testcase classname="net.ion.radon.repository.TestSession" name="testSessionLogout" time="0.0" />
  <testcase classname="net.ion.radon.repository.TestSession" name="testThread" time="0.016" />
  <testcase classname="net.ion.radon.repository.TestWorkspace" name="testWorkspace2" time="0.016" />
  <testcase classname="net.ion.radon.repository.TestWorkspace" name="testSessionSave" time="0.015" />
  <testcase classname="net.ion.radon.repository.TestWorkspace" name="testConplict" time="0.0" />
  <testcase classname="net.ion.radon.repository.TestWorkspace" name="testWorkspace" time="0.031" />
  <testcase classname="net.ion.radon.repository.TestWorkspace" name="testCache" time="0.0" />
  <testcase classname="net.ion.radon.repository.TestWorkspace" name="testWorkspaceCaseSensitiveName" time="0.016" />
  <testcase classname="net.ion.radon.repository.innode.TestInPut" name="testCase" time="0.094" />
  <testcase classname="net.ion.radon.repository.innode.TestInPut" name="testPath" time="0.0" />
  <testcase classname="net.ion.radon.repository.innode.TestInPut" name="testQuery" time="0.015" />
  <testcase classname="net.ion.radon.repository.innode.TestInListNode" name="testGet" time="0.016" />
  <testcase classname="net.ion.radon.repository.innode.TestInListNode" name="testExist" time="0.016" />
  <testcase classname="net.ion.radon.repository.innode.TestInListNode" name="testEqualFilter" time="0.015" />
  <testcase classname="net.ion.radon.repository.innode.TestInListNode" name="testNotEqualFilter" time="0.016" />
  <testcase classname="net.ion.radon.repository.innode.TestInListNode" name="testGreater" time="0.016" />
  <testcase classname="net.ion.radon.repository.innode.TestInListNode" name="testLess" time="0.015" />
  <testcase classname="net.ion.radon.repository.innode.TestInListNode" name="testIn" time="0.0" />
  <testcase classname="net.ion.radon.repository.innode.TestInListNode" name="testComplicate" time="0.016" />
  <testcase classname="net.ion.radon.repository.innode.TestInListNode" name="testIndex" time="0.015" />
  <testcase classname="net.ion.radon.repository.innode.TestInListQuerySort" name="testPath" time="0.0" />
  <testcase classname="net.ion.radon.repository.innode.TestInListQuerySort" name="testSort" time="0.016" />
  <testcase classname="net.ion.radon.repository.innode.TestInListQuerySort" name="testSortPage" time="0.016" />
  <testcase classname="net.ion.radon.repository.innode.TestInListMDL" name="testAppend" time="0.015" />
  <testcase classname="net.ion.radon.repository.innode.TestInListMDL" name="testPush" time="0.016" />
  <testcase classname="net.ion.radon.repository.innode.TestInListMDL" name="testRemove" time="0.016" />
  <testcase classname="net.ion.radon.repository.innode.TestInListMDL" name="testRemove2" time="0.0" />
  <testcase classname="net.ion.radon.repository.innode.TestInListMDL" name="testInListNodeUpdate" time="0.015" />
  <testcase classname="net.ion.radon.repository.innode.TestInListMDL" name="testInListNodeUpdate2" time="0.016" />
  <testcase classname="net.ion.radon.repository.innode.TestInListMDL" name="testPushOnNewState" time="0.015" />
  <testcase classname="net.ion.radon.repository.innode.TestInListQueryNode" name="testDepth" time="0.0" />
  <testcase classname="net.ion.radon.repository.innode.TestInListQueryNode" name="testCaseInSensitive" time="0.016" />
  <testcase classname="net.ion.radon.repository.innode.TestInListQueryNode" name="testEleMatch" time="0.016" />
  <testcase classname="net.ion.radon.repository.innode.TestInListQueryNodeMDL" name="testPush" time="0.015" />
  <testcase classname="net.ion.radon.repository.innode.TestInListQueryNodeMDL" name="testPushDefault" time="0.016" />
  <testcase classname="net.ion.radon.repository.innode.TestInListQueryNodeMDL" name="testPull" time="0.016" />
  <testcase classname="net.ion.radon.repository.innode.TestInListQueryNodeMDL" name="testPullAll" time="0.031" />
  <testcase classname="net.ion.radon.repository.innode.TestInListQueryNodeMDL" name="testMultiPush" time="0.0" />
  <testcase classname="net.ion.radon.repository.innode.TestInListQueryNodeMDL" name="testInListUpdate" time="0.015" />
  <testcase classname="net.ion.radon.repository.TestBasicInner" name="testUse" time="0.016" />
  <testcase classname="net.ion.radon.repository.TestSequence" name="testUse" time="0.016" />
  <testcase classname="net.ion.radon.repository.TestSequence" name="testInit" time="0.0" />
  <testcase classname="net.ion.radon.repository.TestSequence" name="testNext" time="0.015" />
  <testcase classname="net.ion.radon.repository.TestSequence" name="testNextVal" time="0.016" />
  <testcase classname="net.ion.radon.repository.advance.TestExplain" name="testViewExplain" time="0.016" />
  <testcase classname="net.ion.radon.repository.advance.TestExplain" name="testViewLastExplain" time="0.015" />
  <testcase classname="net.ion.radon.repository.advance.TestIndex" name="testLazyConfirmPath" time="0.0" />
  <testcase classname="net.ion.radon.repository.advance.TestIndex" name="testConfirmIndex" time="0.016" />
  <testcase classname="net.ion.radon.repository.TestNodeRows" name="testCreate" time="0.0" />
  <testcase classname="net.ion.radon.repository.TestNodeRows" name="testSort" time="0.015" />
  <testcase classname="net.ion.radon.repository.TestNodeRows" name="testFavoriate" time="0.016" />
  <testcase classname="net.ion.radon.repository.TestNodeRows" name="testMeta" time="0.0" />
  <testcase classname="net.ion.radon.repository.TestNodeRows" name="testValue" time="0.016" />
  <testcase classname="net.ion.radon.repository.TestNodeRows" name="testCursor" time="0.015" />
  <testcase classname="net.ion.radon.repository.TestNodeRows" name="testCursor2" time="0.047" />
  <testcase classname="net.ion.radon.repository.TestNodeRows" name="testReference" time="0.016" />
  <testcase classname="net.ion.radon.repository.TestNodeRows" name="testDecode" time="0.015" />
  <testcase classname="net.ion.radon.repository.TestNodeRows" name="testColumn" time="0.016" />
  <testcase classname="net.ion.radon.repository.TestNodeRows" name="testUnionAll" time="0.016" />
  <testcase classname="net.ion.radon.repository.TestNodeSerialize" name="testTransientSession" time="0.031" />
  <testcase classname="net.ion.radon.repository.TestNodeListCursor" name="testSort" time="0.016" />
  <testcase classname="net.ion.radon.repository.TestNodeListCursor" name="testSkip" time="0.015" />
  <testcase classname="net.ion.radon.repository.TestNodeListCursor" name="testPage" time="0.016" />
  <testcase classname="net.ion.radon.repository.TestNodeListCursor" name="testIterator" time="0.015" />
  <testcase classname="net.ion.radon.repository.orm.TestPeople" name="testCreate" time="0.016" />
  <testcase classname="net.ion.radon.repository.orm.TestPeople" name="testUpdate" time="0.016" />
  <testcase classname="net.ion.radon.repository.orm.TestPeople" name="testCurrentWorkspace" time="0.0" />
  <testcase classname="net.ion.radon.repository.orm.TestPeople" name="testDelete" time="0.0" />
  <testcase classname="net.ion.radon.repository.orm.TestPeople" name="testList" time="0.0" />
  <testcase classname="net.ion.radon.repository.TestPropertyFamily" name="testJSONString" time="0.016" />
  <testcase classname="net.ion.radon.repository.util.TestJSONMessage" name="testLoad" time="0.0" />
  <testcase classname="net.ion.radon.repository.util.TestJSONMessage" name="testToJSON" time="0.0" />
  <testcase classname="net.ion.radon.repository.TestAradonRefImpl" name="testIn" time="0.016" />
  <testcase classname="net.ion.radon.repository.TestAradonRefImpl" name="testRefListInfo" time="0.015" />
  <testcase classname="net.ion.radon.repository.TestToRelation" name="testPath" time="0.016" />
  <testcase classname="net.ion.radon.repository.TestToRelation" name="testAradonId" time="0.0" />
  <testcase classname="net.ion.radon.repository.TestToRelation" name="testCache" time="0.031" />
  <testcase classname="net.ion.radon.repository.TestToRelation" name="testCaseInSensitive" time="0.0" />
  <testcase classname="net.ion.radon.repository.TestToRelation" name="testId" time="0.016" />
  <testcase classname="net.ion.radon.repository.TestToRelation" name="testRelationGet" time="0.015" />
  <testcase classname="net.ion.radon.repository.TestToRelation" name="testUnknownRelation" time="0.016" />
  <testcase classname="net.ion.radon.repository.TestToRelation" name="testRelationProperty" time="0.0" />
  <testcase classname="net.ion.radon.repository.TestToRelation" name="testCacheNotFound" time="0.062" />
  <testcase classname="net.ion.radon.repository.TestToRelation" name="testNodeColumn" time="0.016" />
  <testcase classname="net.ion.radon.repository.TestGetRelation" name="testRegular" time="0.0" />
  <testcase classname="net.ion.radon.repository.TestGetRelation" name="testGetValuable" time="0.015" />
  <testcase classname="net.ion.radon.repository.TestMyRef" name="testRef" time="0.016" />
  <testcase classname="net.ion.radon.repository.TestMyRef" name="testMergeNodeRef" time="0.0" />
  <testcase classname="net.ion.radon.repository.TestParentChild" name="testGetParent" time="0.016" />
  <testcase classname="net.ion.radon.repository.TestParentChild" name="testGetParent2" time="0.015" />
  <testcase classname="net.ion.radon.repository.TestParentChild" name="testGetChild" time="0.016" />
  <testcase classname="net.ion.radon.repository.TestParentChild" name="testFrom" time="0.015" />
  <testcase classname="net.ion.radon.repository.TestParentChild" name="testFromSort" time="0.016" />
  <testcase classname="net.ion.radon.repository.TestParentChild" name="testFromDelete" time="0.0" />
  <testcase classname="net.ion.radon.repository.TestRelationMethod" name="testReference" time="0.031" />
  <testcase classname="net.ion.radon.repository.TestRelationMethod" name="testFrom" time="0.016" />
  <testcase classname="net.ion.radon.repository.TestRelationMethod" name="testOtherWorkspace" time="0.016" />
  <testcase classname="net.ion.radon.repository.TestRelationMethod" name="testRemoveAllReference" time="0.015" />
  <testcase classname="net.ion.radon.repository.TestFindRelation" name="testToRelation" time="0.016" />
  <testcase classname="net.ion.radon.repository.TestFindRelation" name="testRelationValue" time="0.0" />
  <testcase classname="net.ion.radon.repository.TestFindRelation" name="testToAradonId" time="0.015" />
  <testcase classname="net.ion.radon.repository.TestAdvanceRelation" name="testRelation" time="0.016" />
  <testcase classname="net.ion.radon.repository.TestAdvanceRelation" name="testFirst" time="0.016" />
  <testcase classname="net.ion.radon.repository.TestAdvanceRelation" name="testAradonDuplicate" time="0.015" />
  <testcase classname="net.ion.radon.repository.TestAdvanceRelation" name="testDifferentWorksapce" time="0.032" />
  <testcase classname="net.ion.radon.repository.TestAdvanceRelation" name="testCaseInsentiveReference" time="0.015" />
  <testcase classname="net.ion.radon.repository.mr.TestGroup" name="testInListSort" time="0.047" />
  <testcase classname="net.ion.radon.repository.mr.TestMapReduce" name="testDefault" time="0.016" />
  <testcase classname="net.ion.radon.repository.mr.TestMapReduce" name="testLimit" time="0.015" />
  <testcase classname="net.ion.radon.repository.mr.TestMapReduce" name="testOnlyMapFunction" time="0.0" />
  <testcase classname="net.ion.radon.repository.TestApplyHandler" name="testDebugHandler" time="0.0" />
  <testcase classname="net.ion.radon.repository.mr.TestNodeFormat" name="testNode" time="0.0" />
  <testcase classname="net.ion.radon.repository.mr.TestMRSpeed" name="testMapSortOptimize" time="0.219" />
  <testcase classname="net.ion.radon.repository.mr.TestMRSpeed" name="testFilter" time="1.14" />
  <testcase classname="net.ion.radon.repository.mr.TestMRSpeed" name="testMap" time="0.11" />
  <testcase classname="net.ion.radon.repository.mr.TestMRSpeed" name="testRecentSlice" time="0.64" />
  <testcase classname="net.ion.radon.repository.mr.TestMRSpeed" name="testReduce" time="2.25" />
  <testcase classname="net.ion.radon.repository.mr.TestMRSpeed" name="testCollectionSort" time="0.219" />
  <testcase classname="net.ion.radon.repository.orm.TestPeople" name="testCreate" time="0.0" />
  <testcase classname="net.ion.radon.repository.orm.TestPeople" name="testUpdate" time="0.016" />
  <testcase classname="net.ion.radon.repository.orm.TestPeople" name="testCurrentWorkspace" time="0.015" />
  <testcase classname="net.ion.radon.repository.orm.TestPeople" name="testDelete" time="0.0" />
  <testcase classname="net.ion.radon.repository.orm.TestPeople" name="testList" time="0.016" />
  <testcase classname="net.ion.radon.repository.orm.TestPeopleFind" name="testToNode" time="0.016" />
  <testcase classname="net.ion.radon.repository.orm.TestEmployee" name="testCreate" time="0.0" />
  <testcase classname="net.ion.radon.repository.orm.TestEmployee" name="testComposite" time="0.015" />
  <system-out><![CDATA[[====================, [0]] by net.ion.radon.repository.TestMergeNode:testNotOverwriteAgePropertyButNotExist[20111121-194629]
[[[ "bleujin" , "hero" , "jin"], class net.ion.radon.repository.innode.InListNodeImpl]] by net.ion.radon.repository.TestAppend:testAppend[20111121-194629]
[[[{age=1, color=red}, {age=2, color=red}]]] by net.ion.radon.repository.TestAradonId:testFind[20111121-194629]
[[[{ "v" : 1 , "key" : { "_id" : 1} , "ns" : "test.abcd" , "name" : "_id_"}, { "v" : 1 , "key" : { "__aradon.group" : 1 , "__aradon.uid" : -1} , "ns" : "test.abcd" , "name" : "__aradon.group_1___aradon.uid_-1"}, { "v" : 1 , "key" : { "__path" : 1} , "ns" : "test.abcd" , "name" : "_path_id"}]]] by net.ion.radon.repository.TestAradonId:testPredefinedIndexCount[20111121-194630]
[2011-11-21 19:46:30] by net.ion.radon.repository.function.TestFunction:testToChar[20111121-194630]
[20111121-194630] by net.ion.radon.repository.function.TestFunction:testToChar[20111121-194630]
[20111121-194630] by net.ion.radon.repository.function.TestFunction:testDateColumn[20111121-194630]
[[1321904790390, 1321904790578]] by net.ion.radon.repository.TestLastModified:testQueryUpdate[20111121-194630]
[[{color=black, name=my1}, class net.ion.radon.repository.NodeImpl]] by net.ion.radon.repository.NodeCursorImpl:each[20111121-194630]
[[{color=red, name=my4}, class net.ion.radon.repository.NodeImpl]] by net.ion.radon.repository.NodeCursorImpl:each[20111121-194630]
[[{ "path" : { "$regex" : "^\\/\\w*$"}}]] by net.ion.radon.repository.TestQueryOperator:testRegExpression[20111121-194630]
[[{age=40, address=null, path=/hero, name=hero}, class net.ion.radon.repository.NodeImpl]] by net.ion.radon.repository.NodeCursorImpl:each[20111121-194630]
[====================, [{ "name" : "bleujin" , "age" : 20}]] by net.ion.radon.repository.TestQueryOperator:testAnd[20111121-194630]
[====================, []] by net.ion.radon.repository.TestQueryOperator:testDate[20111121-194630]
[[{birthdate=Fri Jan 01 00:00:00 GMT 2010}, class net.ion.radon.repository.NodeImpl]] by net.ion.radon.repository.NodeCursorImpl:each[20111121-194630]
[====================, [Mongo: 61.250.201.78:27017, Mongo: 61.250.201.78:27017]] by net.ion.radon.repository.TestRepositoryCentral:testCreate[20111121-194631]
[[[]]] by net.ion.radon.repository.TestWorkspace:testWorkspace[20111121-194631]
[====================, [class net.ion.radon.repository.innode.NormalInNodeImpl, {name=bleujin, 1=2, address={ "city" : "seoul" , "street" : [ 1 , 2 , 3] , "col" : { "val" : "A"}}, color=[ "red" , "blue" , "white"], index=0}]] by net.ion.radon.repository.innode.TestInListNode:testGet[20111121-194631]
[[{friend=[ { "name" : "novision" , "address" : { "city" : "seoul"}} , { "name" : "pm1200"}], name=bleujin}, class net.ion.radon.repository.NodeImpl]] by net.ion.radon.repository.NodeCursorImpl:each[20111121-194631]
[[[ { "name" : "bleujin" , "1" : 2 , "address" : { "city" : "seoul" , "street" : [ 1 , 2 , 3] , "col" : { "val" : "A"}} , "color" : [ "red" , "blue" , "white"] , "index" : 0} , { "name" : "bleujin" , "1" : 2 , "address" : { "city" : "seoul" , "street" : [ 1 , 2 , 3] , "col" : { "val" : "A"}} , "color" : [ "red" , "blue" , "white"] , "index" : 1} , { "name" : "bleujin" , "1" : 2 , "address" : { "city" : "seoul" , "street" : [ 1 , 2 , 3] , "col" : { "val" : "A"}} , "color" : [ "red" , "blue" , "white"] , "index" : 2} , { "name" : "bleujin" , "1" : 2 , "address" : { "city" : "seoul" , "street" : [ 1 , 2 , 3] , "col" : { "val" : "A"}} , "color" : [ "red" , "blue" , "white"] , "index" : 3} , { "name" : "bleujin" , "1" : 2 , "address" : { "city" : "seoul" , "street" : [ 1 , 2 , 3] , "col" : { "val" : "A"}} , "color" : [ "red" , "blue" , "white"] , "index" : 4}]]] by net.ion.radon.repository.innode.TestInListQuerySort:testPath[20111121-194631]
[====================, [{greeting=[ { "eng" : "하이" , "index" : 4} , { "kor" : "hi"}], name=bleujin}]] by net.ion.radon.repository.innode.TestInListMDL:testInListNodeUpdate2[20111121-194631]
[[{person=[ { "name" : "bleujin" , "1" : 2 , "address" : { "city" : "seoul" , "street" : [ 1 , 2 , 3] , "col" : { "val" : "A"}} , "color" : [ "red" , "blue" , "white"]}], name=bleujin}, class net.ion.radon.repository.NodeImpl]] by net.ion.radon.repository.NodeCursorImpl:each[20111121-194631]
[[{eng=hello}]] by net.ion.radon.repository.innode.TestInListQueryNode:testCaseInSensitive[20111121-194631]
[[1, hello]] by net.ion.radon.repository.innode.TestInListQueryNodeMDL:testMultiPush[20111121-194631]
[[{name=bleujin, hobby=[ { "name" : "promodel"} , { "type" : "navy" , "name" : "navy promodel"}]}, class net.ion.radon.repository.NodeImpl]] by net.ion.radon.repository.NodeCursorImpl:each[20111121-194631]
[[my, [{seq=1, name=bleujin}]]] by net.ion.radon.repository.TestSequence:testUse[20111121-194631]
[[                , CURRENT, 0]] by net.ion.radon.repository.StopWatch:current[20111121-194631]
[[                , make nodeRows, 1]] by net.ion.radon.repository.StopWatch:end[20111121-194631]
[====================, [{name=jin}]] by net.ion.radon.repository.TestNodeListCursor:testIterator[20111121-194632]
[====================, [{name=bleujin}]] by net.ion.radon.repository.TestNodeListCursor:testIterator[20111121-194632]
[====================, [hi bleujin ... hm..]] by net.ion.radon.repository.TestGetRelation:testRegular[20111121-194632]
[====================, [{ "__reference.friend" : { "_ref" : "abcd" , "_query" : { "_id" : { "$oid" : "4ecaaa984411d1f91e103753"}}}}, { "__reference.friend" : { "_ref" : "abcd"}}]] by net.ion.radon.repository.SessionQuery:to[20111121-194632]
[====================, [{__aradon={group=[ "__empty"], ghash=203883499254, uid=4ecaaa984411d1f91e103755}, __created=1321904792531, __name=4ecaaa984411d1f91e103755, __owner=_unknown, __reference={friend=[ { "_ref" : "abcd" , "_query" : { "_id" : { "$oid" : "4ecaaa984411d1f91e103754"}}}]}, greeting=hello, _id=4ecaaa984411d1f91e103755, __path=/4ecaaa984411d1f91e103755, name=bleujin, __timezone=sun.util.calendar.ZoneInfo[id="GMT",offset=0,dstSavings=0,useDaylight=false,transitions=0,lastRule=null]}]] by net.ion.radon.repository.TestFindRelation:testRelationValue[20111121-194632]
[====================, [{ "__reference.friend" : { "_ref" : "abcd" , "_query" : { "_id" : { "$oid" : "4ecaaa984411d1f91e103756"}}}}, { "__reference.friend" : { "_ref" : "abcd"}}]] by net.ion.radon.repository.SessionQuery:to[20111121-194632]
[[{limit=2.0, skip=0.0, sortkey=name, friends=[ { "age" : 25 , "name" : "iihi"} , { "age" : 20 , "name" : "novision"}]}, class net.ion.radon.repository.NodeImpl]] by net.ion.radon.repository.NodeListCursor:each[20111121-194632]
[[{limit=2.0, skip=0.0, sortkey=name, friends=[ { "age" : 30 , "name" : "air"} , { "age" : 20 , "name" : "baegi"}]}, class net.ion.radon.repository.NodeImpl]] by net.ion.radon.repository.NodeListCursor:each[20111121-194632]
[====================, [3.0, 3, class java.lang.Double]] by net.ion.radon.repository.mr.TestMapReduce:testOnlyMapFunction[20111121-194632]
[====================, [3.0, 3, class java.lang.Double]] by net.ion.radon.repository.mr.TestMapReduce:testOnlyMapFunction[20111121-194632]
[[{key=iihi, pname=[ "bleujin" , "hero"], self={age=25, name=iihi}}]] by net.ion.radon.repository.TestApplyHandler$1:handle[20111121-194632]
[[{key=minato, pname=hero, self={age=25, name=minato}}]] by net.ion.radon.repository.TestApplyHandler$1:handle[20111121-194632]
[[{key=novision, pname=bleujin, self={age=20, name=novision}}]] by net.ion.radon.repository.TestApplyHandler$1:handle[20111121-194632]
[[{key=pm1200, pname=[ "bleujin" , "hero"], self={age=30, name=pm1200}}]] by net.ion.radon.repository.TestApplyHandler$1:handle[20111121-194632]
[[{plist=[ { "sort2" : 2 , "parentid" : 0 , "sort1" : 1623537980396 , "content" : "897Rj0txikJf7N165aP124T61wv67j17tNis8I3axoa" , "postid" : "4ecaaa9814451144140b50aa"} , { "sort2" : 2 , "parentid" : 0 , "sort1" : 1623537119100 , "content" : "878JDj0enAoY586XzBdbAnv514qtI92Yy558f2053Sz" , "postid" : "4ecaaa9814451144010b50aa"}], pcount=1000, post=http://localhost/post}, class net.ion.radon.repository.NodeImpl]] by net.ion.radon.repository.ApplyCursor:each[20111121-194632]
[====================, [53]] by net.ion.radon.repository.mr.TestMRSpeed:testMapSortOptimize[20111121-194632]
[[{post_list=[ { "sort2" : 2 , "parentid" : 0 , "sort1" : 1624032377632 , "content" : "5271twR0Z4V7i46ux2Dc9365ai32aHrk5U9z960kj3mI" , "postid" : "4ecaaa9914451144122050aa"} , { "sort2" : 2 , "parentid" : 0 , "sort1" : 1623881562348 , "content" : "3381a8htpTztkk673U8EAfn6kUunol1lblmNLvtfdni5" , "postid" : "4ecaaa9914451144b01850aa"}]}, class net.ion.radon.repository.NodeImpl]] by net.ion.radon.repository.ApplyCursor:each[20111121-194634]
[====================, [297]] by net.ion.radon.repository.mr.TestMRSpeed:testFilter[20111121-194634]
[[{post_list=[ { "sort2" : 0 , "parentid" : 0 , "sort1" : 1624786511227 , "content" : "491RDY490aiF2dr4ny56xzl81fb72sscft7472a1OC1" , "postid" : "4ecaaa9a14451144763450aa"} , { "sort2" : 0 , "parentid" : 0 , "sort1" : 1624800096378 , "content" : "800eg953Ea1QqS64pCg3xS24NKjB8enz4628m8tR2NO" , "postid" : "4ecaaa9a14451144ab3550aa"}]}, class net.ion.radon.repository.NodeImpl]] by net.ion.radon.repository.ApplyCursor:each[20111121-194634]
[====================, [39]] by net.ion.radon.repository.mr.TestMRSpeed:testMap[20111121-194634]
[[{post_list=[ { "sort2" : 3840 , "parentid" : 0 , "sort1" : 1625369342126 , "content" : "9991r772fyh8roq6ds740pz82NbF5s6165rb8755pDfQ" , "postid" : "4ecaaa9a144511447a5d50aa"} , { "sort2" : 3986 , "parentid" : 0 , "sort1" : 1625369378531 , "content" : "9992ks29HHE48Sg23c9361zws85Rmp5m0lz85t9a327R" , "postid" : "4ecaaa9a144511447b5d50aa"} , { "sort2" : 3193 , "parentid" : 0 , "sort1" : 1625369415611 , "content" : "9993E7319X9Nu2zbe8d6Ld755RNbe1JTkee449ci7h0a" , "postid" : "4ecaaa9a144511447c5d50aa"} , { "sort2" : 8557 , "parentid" : 0 , "sort1" : 1625369452470 , "content" : "9994Cu79b7qqyTA46z8UOekB23ilme8xuXhq09Dfan8e" , "postid" : "4ecaaa9a144511447d5d50aa"} , { "sort2" : 5356 , "parentid" : 0 , "sort1" : 1625369490468 , "content" : "9995zbZtpSE0aN8D4My7XaI6V73N6o897LkKPmx1f8u4" , "postid" : "4ecaaa9a144511447e5d50aa"} , { "sort2" : 9423 , "parentid" : 0 , "sort1" : 1625369527196 , "content" : "9996xI68WFas8QZ3NPlxo4Uh917cqrHIcl66biuo18n4" , "postid" : "4ecaaa9a144511447f5d50aa"} , { "sort2" : 9045 , "parentid" : 0 , "sort1" : 1625369564325 , "content" : "9997X3t3g8Hd75i88t232e60S46n6m1X3a7K83zrmk6y" , "postid" : "4ecaaa9a14451144805d50aa"} , { "sort2" : 8046 , "parentid" : 0 , "sort1" : 1625369601251 , "content" : "9998a529Uaq4MkoH3t6T7gzcMiw3q86o3m132l1uo8p1" , "postid" : "4ecaaa9a14451144815d50aa"} , { "sort2" : 9060 , "parentid" : 0 , "sort1" : 1625369652292 , "content" : "9999B6Aq830uqGe9l72BbMf2sWqWm0170mzXkb0i794z" , "postid" : "4ecaaa9a14451144825d50aa"} , { "sort2" : 2892 , "parentid" : 0 , "sort1" : 1625369701526 , "content" : "100009nh4P9c80mQ43mGc7om0fz3w5952xE9w0C3jfK1R" , "postid" : "4ecaaa9a14451144835d50aa"}], post=http://localhost/post}, class net.ion.radon.repository.NodeImpl]] by net.ion.radon.repository.NodeCursorImpl:each[20111121-194634]
[????????????????????, [8]] by net.ion.radon.repository.mr.TestMRSpeed:testRecentSlice[20111121-194634]
[====================, [35074]] by net.ion.radon.repository.mr.TestMRSpeed:testReduce[20111121-194635]
[[{post_list=[ { "sort2" : 7945 , "parentid" : 0 , "sort1" : 1626008902747 , "content" : "10000Vip6kpz0wdx4z7V3d9Bxpm2atjL7CJ8b8aA9dsu8" , "postid" : "4ecaaa9b14451144938450aa"} , { "sort2" : 9173 , "parentid" : 0 , "sort1" : 1626008870572 , "content" : "99996YskPoa179tuj538u33g8o7fomt3l2Pn59f99u4i" , "postid" : "4ecaaa9b14451144928450aa"} , { "sort2" : 1207 , "parentid" : 0 , "sort1" : 1626008838345 , "content" : "9998Feo08cj5K7687bikfXzZCoo2eWI7aiL2leyp7dyh" , "postid" : "4ecaaa9b14451144918450aa"} , { "sort2" : 8739 , "parentid" : 0 , "sort1" : 1626008806492 , "content" : "99973mXda1dJYH084kv9MCi5qp4uC5wLJs1hLI3Uu7Sk" , "postid" : "4ecaaa9b14451144908450aa"} , { "sort2" : 6501 , "parentid" : 0 , "sort1" : 1626008774790 , "content" : "999697t56486ppvJXxMz9A5Yks25mt54c078b36kM6L2" , "postid" : "4ecaaa9b144511448f8450aa"} , { "sort2" : 9509 , "parentid" : 0 , "sort1" : 1626008742907 , "content" : "9995X7u53a555wzgo5u4x38SP0U42t7R18Gu5YVk1101" , "postid" : "4ecaaa9b144511448e8450aa"} , { "sort2" : 274 , "parentid" : 0 , "sort1" : 1626008710053 , "content" : "9994Wtz80N0wmfX12r3jb1Ae6s8vv49srAoxcc4yVas7" , "postid" : "4ecaaa9b144511448d8450aa"} , { "sort2" : 5244 , "parentid" : 0 , "sort1" : 1626008677766 , "content" : "9993b48fh7378id712d8SqPqC5PnH8C8Vgcczmnf2kmS" , "postid" : "4ecaaa9b144511448c8450aa"} , { "sort2" : 8699 , "parentid" : 0 , "sort1" : 1626008645726 , "content" : "9992b6nhYj7p2hgsn30171A4u2258OQR4u4h32yvsa21" , "postid" : "4ecaaa9b144511448b8450aa"} , { "sort2" : 9442 , "parentid" : 0 , "sort1" : 1626008612812 , "content" : "9991mkhM0r35g7Dix054j31ydfw52693w73oKL4w69is" , "postid" : "4ecaaa9b144511448a8450aa"}], post=http://localhost/post, postid=null}, class net.ion.radon.repository.NodeImpl]] by net.ion.radon.repository.ApplyCursor:each[20111121-194637]
[====================, [10991760]] by net.ion.radon.repository.mr.TestMRSpeed:testCollectionSort[20111121-194637]
[[id:jin, age:40]] by net.ion.radon.repository.orm.TestPeopleFind:testToNode[20111121-194637]
[[id:hero, age:30]] by net.ion.radon.repository.orm.TestPeopleFind:testToNode[20111121-194637]
]]></system-out>
  <system-err><![CDATA[]]></system-err>
</testsuite>
