<?xml version="1.0" encoding="UTF-8" ?>
<testsuite errors="0" failures="0" hostname="mycom" name="net.ion.radon.repository.TestAllRepository" tests="164" time="3.625" timestamp="2011-10-04T12:41:34">
  <properties>
[...]
</properties>
  <testcase classname="net.ion.radon.repository.TestCreate" name="testNewNode" time="0.188" />
  <testcase classname="net.ion.radon.repository.TestCreate" name="testOtherType" time="0.015" />
  <testcase classname="net.ion.radon.repository.TestCreate" name="testCaseSentive" time="0.016" />
  <testcase classname="net.ion.radon.repository.TestCreate" name="testCaseInSentiveQuery" time="0.016" />
  <testcase classname="net.ion.radon.repository.TestCreate" name="testCreateWithPath" time="0.0" />
  <testcase classname="net.ion.radon.repository.TestCreate" name="testChildNode" time="0.031" />
  <testcase classname="net.ion.radon.repository.TestCreate" name="testDupName" time="0.016" />
  <testcase classname="net.ion.radon.repository.TestCreate" name="testPath" time="0.015" />
  <testcase classname="net.ion.radon.repository.TestCreate" name="testReserved" time="0.0" />
  <testcase classname="net.ion.radon.repository.TestUpdate" name="testUpdate" time="0.016" />
  <testcase classname="net.ion.radon.repository.TestUpdate" name="testFindUpdate" time="0.015" />
  <testcase classname="net.ion.radon.repository.TestUpdate" name="testFindOverwrite" time="0.0" />
  <testcase classname="net.ion.radon.repository.TestUpdate" name="testNotExistUpdate" time="0.0" />
  <testcase classname="net.ion.radon.repository.TestUpdate" name="testMultiUpdate" time="0.031" />
  <testcase classname="net.ion.radon.repository.TestUpdate" name="testResult" time="0.016" />
  <testcase classname="net.ion.radon.repository.TestUpdate" name="testLastResult" time="0.0" />
  <testcase classname="net.ion.radon.repository.TestRemove" name="testNodeRemove" time="0.016" />
  <testcase classname="net.ion.radon.repository.TestRemove" name="testQueryRemove" time="0.015" />
  <testcase classname="net.ion.radon.repository.TestRootNode" name="testGet" time="0.016" />
  <testcase classname="net.ion.radon.repository.TestRootNode" name="testChild" time="0.015" />
  <testcase classname="net.ion.radon.repository.TestRootNode" name="testFindByPath" time="0.0" />
  <testcase classname="net.ion.radon.repository.TestFind" name="testFindByPath" time="0.032" />
  <testcase classname="net.ion.radon.repository.TestFind" name="testFindById" time="0.0" />
  <testcase classname="net.ion.radon.repository.TestFind" name="testFindByProperty" time="0.015" />
  <testcase classname="net.ion.radon.repository.TestFind" name="testByAradonId" time="0.016" />
  <testcase classname="net.ion.radon.repository.TestFind" name="testCacheLoad" time="0.0" />
  <testcase classname="net.ion.radon.repository.TestColumns" name="testSelect" time="0.031" />
  <testcase classname="net.ion.radon.repository.TestColumns" name="testBlankColumn" time="0.016" />
  <testcase classname="net.ion.radon.repository.TestColumns" name="testSelectDup" time="0.015" />
  <testcase classname="net.ion.radon.repository.TestColumns" name="testCompositeSelect" time="0.032" />
  <testcase classname="net.ion.radon.repository.TestColumns" name="testCompositeSelect2" time="0.015" />
  <testcase classname="net.ion.radon.repository.TestColumns" name="testSlice" time="0.032" />
  <testcase classname="net.ion.radon.repository.TestColumns" name="testExcludeSlice" time="0.015" />
  <testcase classname="net.ion.radon.repository.TestNodeCursor" name="testSelectAll" time="0.031" />
  <testcase classname="net.ion.radon.repository.TestNodeCursor" name="testPaging" time="0.032" />
  <testcase classname="net.ion.radon.repository.TestNodeCursor" name="testSort" time="0.015" />
  <testcase classname="net.ion.radon.repository.TestNodeCursor" name="testEach" time="0.032" />
  <testcase classname="net.ion.radon.repository.TestNodeCursor" name="testDebugPrint" time="0.015" />
  <testcase classname="net.ion.radon.repository.TestNodeCursor" name="testScreen" time="0.031" />
  <testcase classname="net.ion.radon.repository.TestAdvanceNode" name="testCompare" time="0.016" />
  <testcase classname="net.ion.radon.repository.TestAdvanceNode" name="testTwoCompare" time="0.031" />
  <testcase classname="net.ion.radon.repository.TestAdvanceNode" name="testListCompare" time="0.016" />
  <testcase classname="net.ion.radon.repository.TestAdvanceNode" name="testEncrypt" time="0.266" />
  <testcase classname="net.ion.radon.repository.TestAdvanceNode" name="testIncrease" time="0.031" />
  <testcase classname="net.ion.radon.repository.TestAradonId" name="testNewNode" time="0.062" />
  <testcase classname="net.ion.radon.repository.TestAradonId" name="testFind" time="0.032" />
  <testcase classname="net.ion.radon.repository.TestAradonId" name="testPredefinedIndexCount" time="0.046" />
  <testcase classname="net.ion.radon.repository.TestAradonId" name="testAradonId" time="0.032" />
  <testcase classname="net.ion.radon.repository.TestAradonId" name="testGroupPath" time="0.015" />
  <testcase classname="net.ion.radon.repository.TestAradonId" name="testGroupAndId" time="0.032" />
  <testcase classname="net.ion.radon.repository.TestAradonId" name="testAradonIdSort" time="0.015" />
  <testcase classname="net.ion.radon.repository.TestAradonId" name="testfindGroupUid" time="0.016" />
  <testcase classname="net.ion.radon.repository.function.TestFunction" name="testColumnParse" time="0.015" />
  <testcase classname="net.ion.radon.repository.function.TestFunction" name="testSecurity" time="0.016" />
  <testcase classname="net.ion.radon.repository.function.TestFunction" name="testToCharFromDate" time="0.0" />
  <testcase classname="net.ion.radon.repository.function.TestFunction" name="testToChar" time="0.016" />
  <testcase classname="net.ion.radon.repository.function.TestFunction" name="testDateColumn" time="0.047" />
  <testcase classname="net.ion.radon.repository.function.TestFunction" name="testDateOrder" time="0.015" />
  <testcase classname="net.ion.radon.repository.function.TestFunction" name="testPrefix" time="0.0" />
  <testcase classname="net.ion.radon.repository.TestInnerNode" name="testInterrface" time="0.016" />
  <testcase classname="net.ion.radon.repository.TestInnerNode" name="testComplicateGet" time="0.0" />
  <testcase classname="net.ion.radon.repository.TestTempNode" name="testChild" time="0.015" />
  <testcase classname="net.ion.radon.repository.TestTempNode" name="testOtherSelect" time="0.094" />
  <testcase classname="net.ion.radon.repository.TestLastModified" name="testWhenNew" time="0.11" />
  <testcase classname="net.ion.radon.repository.TestLastModified" name="testQueryUpdate" time="0.218" />
  <testcase classname="net.ion.radon.repository.TestQueryOperator" name="testAllFind" time="0.016" />
  <testcase classname="net.ion.radon.repository.TestQueryOperator" name="testEqual" time="0.016" />
  <testcase classname="net.ion.radon.repository.TestQueryOperator" name="testGreaterThan" time="0.0" />
  <testcase classname="net.ion.radon.repository.TestQueryOperator" name="testGraterThanEqual" time="0.015" />
  <testcase classname="net.ion.radon.repository.TestQueryOperator" name="testLessThan" time="0.016" />
  <testcase classname="net.ion.radon.repository.TestQueryOperator" name="testLessThanEqual" time="0.015" />
  <testcase classname="net.ion.radon.repository.TestQueryOperator" name="testInExpression" time="0.0" />
  <testcase classname="net.ion.radon.repository.TestQueryOperator" name="testExist" time="0.016" />
  <testcase classname="net.ion.radon.repository.TestQueryOperator" name="testNotExist" time="0.016" />
  <testcase classname="net.ion.radon.repository.TestQueryOperator" name="testBetween" time="0.047" />
  <testcase classname="net.ion.radon.repository.TestQueryOperator" name="testBetween2" time="0.015" />
  <testcase classname="net.ion.radon.repository.TestQueryOperator" name="testOrExpression" time="0.016" />
  <testcase classname="net.ion.radon.repository.TestQueryOperator" name="testOr2" time="0.015" />
  <testcase classname="net.ion.radon.repository.TestQueryOperator" name="testOrAradonGroup" time="0.016" />
  <testcase classname="net.ion.radon.repository.TestQueryOperator" name="testRegExpression" time="0.016" />
  <testcase classname="net.ion.radon.repository.TestQueryOperator" name="testWhere" time="0.015" />
  <testcase classname="net.ion.radon.repository.TestQueryOperator" name="testDate" time="0.032" />
  <testcase classname="net.ion.radon.repository.TestQueryOperator" name="testDateLessThen" time="0.015" />
  <testcase classname="net.ion.radon.repository.TestQueryOperator" name="testDateGreaterThen" time="0.016" />
  <testcase classname="net.ion.radon.repository.TestQueryMDL" name="testQueryRemove" time="0.0" />
  <testcase classname="net.ion.radon.repository.TestQueryMDL" name="testQueryUpdate" time="0.015" />
  <testcase classname="net.ion.radon.repository.TestAdvanceQuery" name="testAnd" time="0.016" />
  <testcase classname="net.ion.radon.repository.TestAdvanceQuery" name="testNotify" time="0.0" />
  <testcase classname="net.ion.radon.repository.innode.TestInPut" name="testCase" time="0.016" />
  <testcase classname="net.ion.radon.repository.innode.TestInPut" name="testPath" time="0.0" />
  <testcase classname="net.ion.radon.repository.innode.TestInPut" name="testQuery" time="0.015" />
  <testcase classname="net.ion.radon.repository.innode.TestInListQuery" name="testExist" time="0.016" />
  <testcase classname="net.ion.radon.repository.innode.TestInListQuery" name="testEqualFilter" time="0.016" />
  <testcase classname="net.ion.radon.repository.innode.TestInListQuery" name="testNotEqualFilter" time="0.015" />
  <testcase classname="net.ion.radon.repository.innode.TestInListQuery" name="testGreater" time="0.016" />
  <testcase classname="net.ion.radon.repository.innode.TestInListQuery" name="testLess" time="0.015" />
  <testcase classname="net.ion.radon.repository.innode.TestInListQuery" name="testIn" time="0.016" />
  <testcase classname="net.ion.radon.repository.innode.TestInListQuerySort" name="testPath" time="0.016" />
  <testcase classname="net.ion.radon.repository.innode.TestInListQuerySort" name="testSort" time="0.015" />
  <testcase classname="net.ion.radon.repository.innode.TestInListQuerySort" name="testSortPage" time="0.016" />
  <testcase classname="net.ion.radon.repository.innode.TestInListMDL" name="testUpdate" time="0.016" />
  <testcase classname="net.ion.radon.repository.innode.TestInListMDL" name="testAppend" time="0.015" />
  <testcase classname="net.ion.radon.repository.innode.TestInListMDL" name="testRemove" time="0.016" />
  <testcase classname="net.ion.radon.repository.innode.TestInListMDL" name="testRemove2" time="0.0" />
  <testcase classname="net.ion.radon.repository.innode.TestInListMDL" name="testInListNodeUpdate" time="0.015" />
  <testcase classname="net.ion.radon.repository.innode.TestInListMDL" name="testPush" time="0.016" />
  <testcase classname="net.ion.radon.repository.innode.TestInListNodeQuery" name="testPush" time="0.0" />
  <testcase classname="net.ion.radon.repository.innode.TestInListNodeQuery" name="testPushInNode" time="0.016" />
  <testcase classname="net.ion.radon.repository.innode.TestInListNodeQuery" name="testPull" time="0.031" />
  <testcase classname="net.ion.radon.repository.innode.TestInListNodeQuery" name="testMultiPush" time="0.0" />
  <testcase classname="net.ion.radon.repository.innode.TestInListNodeQuery" name="testCaseInSensitive" time="0.062" />
  <testcase classname="net.ion.radon.repository.innode.TestInListNodeQuery" name="testDepth" time="0.016" />
  <testcase classname="net.ion.radon.repository.innode.TestInListNodeQuery" name="testInListUpdate" time="0.0" />
  <testcase classname="net.ion.radon.repository.TestRepositoryCentral" name="testCreate" time="0.0" />
  <testcase classname="net.ion.radon.repository.TestRepositoryCentral" name="testSameMongo" time="0.0" />
  <testcase classname="net.ion.radon.repository.TestSession" name="testParentChild2" time="0.0" />
  <testcase classname="net.ion.radon.repository.TestSession" name="testSameSessionInSameThread" time="0.0" />
  <testcase classname="net.ion.radon.repository.TestSession" name="testSessionLogout" time="0.0" />
  <testcase classname="net.ion.radon.repository.TestWorkspace" name="testWorkspace2" time="0.015" />
  <testcase classname="net.ion.radon.repository.TestWorkspace" name="testReference" time="0.016" />
  <testcase classname="net.ion.radon.repository.TestWorkspace" name="testSessionSave" time="0.0" />
  <testcase classname="net.ion.radon.repository.TestWorkspace" name="testConplict" time="0.016" />
  <testcase classname="net.ion.radon.repository.TestWorkspace" name="testWorkspace" time="0.015" />
  <testcase classname="net.ion.radon.repository.TestParentChild" name="testParentChild" time="0.016" />
  <testcase classname="net.ion.radon.repository.TestParentChild" name="testReferenceDepth" time="0.015" />
  <testcase classname="net.ion.radon.repository.TestGeneralRelation" name="testRelation" time="0.016" />
  <testcase classname="net.ion.radon.repository.TestGeneralRelation" name="testReference2" time="0.016" />
  <testcase classname="net.ion.radon.repository.TestGeneralRelation" name="testOtherRelation" time="0.031" />
  <testcase classname="net.ion.radon.repository.TestGeneralRelation" name="testAddReference" time="0.016" />
  <testcase classname="net.ion.radon.repository.TestGeneralRelation" name="testRemoveReference" time="0.0" />
  <testcase classname="net.ion.radon.repository.TestGeneralRelation" name="testUpdateReference" time="0.031" />
  <testcase classname="net.ion.radon.repository.TestFindRelation" name="testReference" time="0.031" />
  <testcase classname="net.ion.radon.repository.TestFindRelation" name="testSimpleReference" time="0.0" />
  <testcase classname="net.ion.radon.repository.TestAdvanceRelation" name="testReference" time="0.063" />
  <testcase classname="net.ion.radon.repository.TestAdvanceRelation" name="testSetReference" time="0.031" />
  <testcase classname="net.ion.radon.repository.TestAdvanceRelation" name="testAradonDuplicate" time="0.047" />
  <testcase classname="net.ion.radon.repository.TestAdvanceRelation" name="testFindByGroup" time="0.062" />
  <testcase classname="net.ion.radon.repository.TestAdvanceRelation" name="testDifferentWorksapce" time="0.047" />
  <testcase classname="net.ion.radon.repository.TestAdvanceRelation" name="testCaseInsentiveReference" time="0.047" />
  <testcase classname="net.ion.radon.repository.TestAdvanceRelation2" name="testReference" time="0.016" />
  <testcase classname="net.ion.radon.repository.TestAdvanceRelation2" name="testHasProperty" time="0.015" />
  <testcase classname="net.ion.radon.repository.TestAdvanceRelation2" name="testReferenceGroup" time="0.016" />
  <testcase classname="net.ion.radon.repository.TestAdvanceRelation2" name="testViewRef" time="0.015" />
  <testcase classname="net.ion.radon.repository.TestSequence" name="testCreate" time="0.0" />
  <testcase classname="net.ion.radon.repository.TestSequence" name="testInit" time="0.016" />
  <testcase classname="net.ion.radon.repository.TestSequence" name="testNext" time="0.0" />
  <testcase classname="net.ion.radon.repository.TestSequence" name="testCache" time="0.016" />
  <testcase classname="net.ion.radon.repository.TestSequence" name="testUse" time="0.015" />
  <testcase classname="net.ion.radon.repository.advance.TestExplain" name="testViewExplain" time="0.016" />
  <testcase classname="net.ion.radon.repository.advance.TestExplain" name="testViewLastExplain" time="0.0" />
  <testcase classname="net.ion.radon.repository.advance.TestIndex" name="testLazyConfirmPath" time="0.016" />
  <testcase classname="net.ion.radon.repository.advance.TestIndex" name="testConfirmIndex" time="0.0" />
  <testcase classname="net.ion.radon.repository.TestNodeRows" name="testCreate" time="0.015" />
  <testcase classname="net.ion.radon.repository.TestNodeRows" name="testSort" time="0.0" />
  <testcase classname="net.ion.radon.repository.TestNodeRows" name="testReference" time="0.031" />
  <testcase classname="net.ion.radon.repository.TestNodeRows" name="testFavoriate" time="0.0" />
  <testcase classname="net.ion.radon.repository.TestNodeRows" name="testMeta" time="0.016" />
  <testcase classname="net.ion.radon.repository.TestNodeRows" name="testValue" time="0.0" />
  <testcase classname="net.ion.radon.repository.TestNodeRows" name="testCursor" time="0.016" />
  <testcase classname="net.ion.radon.repository.TestNodeRows" name="testCursor2" time="0.015" />
  <testcase classname="net.ion.radon.repository.TestNodeRows" name="testDecode" time="0.016" />
  <testcase classname="net.ion.radon.repository.TestNodeRows" name="testColumn" time="0.016" />
  <testcase classname="net.ion.radon.repository.TestNodeRows" name="testUnionAll" time="0.015" />
  <testcase classname="net.ion.radon.repository.TestNodeSerialize" name="testSerialize" time="0.016" />
  <system-out><![CDATA[[[[{age=2, color=red}, {age=1, color=red}]]] by net.ion.radon.repository.TestAradonId:testFind[20111004-124135]
[[[{ "name" : "_id_" , "ns" : "test.abcd" , "key" : { "_id" : 1}}, { "name" : "_aradon_id" , "ns" : "test.abcd" , "unique" : true , "key" : { "__aradon.group" : 1 , "__aradon.uid" : -1}}, { "name" : "_path_id" , "ns" : "test.abcd" , "unique" : true , "key" : { "__path" : 1}}]]] by net.ion.radon.repository.TestAradonId:testPredefinedIndexCount[20111004-124135]
[2011-10-04 12:41:35] by net.ion.radon.repository.function.TestFunction:testToChar[20111004-124135]
[20111004-124135] by net.ion.radon.repository.function.TestFunction:testToChar[20111004-124135]
[20111004-124135] by net.ion.radon.repository.function.TestFunction:testDateColumn[20111004-124135]
[[<?xml version="1.0" encoding="UTF-8"?>
<!DOCTYPE RowSet PUBLIC '-//Sun Microsystems, Inc.//DTD RowSet//EN' 'http://java.sun.com/j2ee/dtds/RowSet.dtd'>

<RowSet>
  <data>
    <ins>
      <date>Tue Oct 04 12:41:35 GMT 2011</date>
      <name><![CDATA[d2&#x5d;&#x5d;&gt;</name>
    </ins>
    <ins>
      <date>Tue Oct 04 12:24:55 GMT 2011</date>
      <name><![CDATA[d1&#x5d;&#x5d;&gt;</name>
    </ins>
  </data>
</RowSet>
]] by net.ion.radon.repository.function.TestFunction:testDateOrder[20111004-124135]
[[{key=val}, class net.ion.radon.repository.NodeImpl]] by net.ion.radon.repository.ReferenceTaragetCursor:each[20111004-124135]
[[{key=val}, class net.ion.radon.repository.NodeImpl]] by net.ion.radon.repository.ReferenceTaragetCursor:each[20111004-124135]
[[{age=20, greeting=hi!, name=hello}, class net.ion.radon.repository.NodeImpl]] by net.ion.radon.repository.NodeCursor:each[20111004-124136]
[[1317732096140, 1317732096343]] by net.ion.radon.repository.TestLastModified:testQueryUpdate[20111004-124136]
[[{color=black, name=my1}, class net.ion.radon.repository.NodeImpl]] by net.ion.radon.repository.NodeCursor:each[20111004-124136]
[[{color=red, name=my4}, class net.ion.radon.repository.NodeImpl]] by net.ion.radon.repository.NodeCursor:each[20111004-124136]
[[{ "path" : { "$regex" : "^\\/\\w*$"}}]] by net.ion.radon.repository.TestQueryOperator:testRegExpression[20111004-124136]
[[{age=40, address=null, path=/hero, name=hero}, class net.ion.radon.repository.NodeImpl]] by net.ion.radon.repository.NodeCursor:each[20111004-124136]
[====================, []] by net.ion.radon.repository.TestQueryOperator:testDate[20111004-124136]
[[{birthdate=Fri Jan 01 00:00:00 GMT 2010}, class net.ion.radon.repository.NodeImpl]] by net.ion.radon.repository.NodeCursor:each[20111004-124136]
[[{name=bleujin, 1=2, address={ "city" : "seoul" , "street" : [ 1 , 2 , 3] , "col" : { "val" : "A"}}, color=["red","blue","white"], index=0}]] by net.ion.radon.repository.innode.TestInListQuerySort:testPath[20111004-124136]
[[1, hello]] by net.ion.radon.repository.innode.TestInListNodeQuery:testMultiPush[20111004-124136]
[[{eng=hello}]] by net.ion.radon.repository.innode.TestInListNodeQuery:testCaseInSensitive[20111004-124137]
[[{person=[ { "name" : "bleujin" , "1" : 2 , "address" : { "city" : "seoul" , "street" : [ 1 , 2 , 3] , "col" : { "val" : "A"}} , "color" : [ "red" , "blue" , "white"]}], name=bleujin}, class net.ion.radon.repository.NodeImpl]] by net.ion.radon.repository.NodeCursor:each[20111004-124137]
[====================, [{ "err" :  null  , "updatedExisting" : true , "n" : 1 , "ok" : 1.0}, 1, null]] by net.ion.radon.repository.innode.TestInListNodeQuery:testInListUpdate[20111004-124137]
[[{name=bleujin, working=true}, class net.ion.radon.repository.NodeImpl]] by net.ion.radon.repository.NodeCursor:each[20111004-124137]
[====================, [Mongo: 61.250.201.78:27017, Mongo: 61.250.201.78:27017]] by net.ion.radon.repository.TestRepositoryCentral:testCreate[20111004-124137]
[[1]] by net.ion.radon.repository.TestWorkspace:testReference[20111004-124137]
[[[]]] by net.ion.radon.repository.TestWorkspace:testWorkspace[20111004-124137]
[[{greeting=44564, name=jin}]] by net.ion.radon.repository.TestGeneralRelation:testRelation[20111004-124137]
[[{greeting=Tue Oct 04 12:41:37 GMT 2011, name=heeya}]] by net.ion.radon.repository.TestGeneralRelation:testRelation[20111004-124137]
[[N/A]] by net.ion.radon.repository.TestGeneralRelation:testRemoveReference[20111004-124137]
[[{target_aradon={ "group" : "dept" , "uid" : "dev" , "ghash" : 7576180}, type=dept, target={ "workspace" : "abcd" , "id" : { "$oid" : "4e8aff01441107e0e6f36ce2"} , "orderNo" :  null }, src_aradon={ "group" : "employee" , "uid" : "bleujin" , "ghash" : 12316472402134}, src={ "workspace" : "abcd" , "id" : { "$oid" : "4e8aff01441107e0e6f36ce3"} , "orderNo" :  null }}, class net.ion.radon.repository.NodeImpl]] by net.ion.radon.repository.NodeCursor:each[20111004-124137]
[[{age=20, name=bleu, id=bleujin}]] by net.ion.radon.repository.TestAdvanceRelation:testFindByGroup[20111004-124137]
[====================, [{dno=20, deptno=20, name=bleu, id=bleujin}]] by net.ion.radon.repository.TestAdvanceRelation:testCaseInsentiveReference[20111004-124137]
[[my, [{seq=1, name=bleujin}]]] by net.ion.radon.repository.TestSequence:testUse[20111004-124137]
[[                , CURRENT, 0]] by net.ion.radon.repository.StopWatch:current[20111004-124137]
[[                , make nodeRows, 0]] by net.ion.radon.repository.StopWatch:end[20111004-124137]
[[[bleujin, hero], seoul, 10]] by net.ion.radon.repository.TestNodeSerialize:testSerialize[20111004-124137]
[[[bleujin, hero], other]] by net.ion.radon.repository.TestNodeSerialize:testSerialize[20111004-124137]
]]></system-out>
  <system-err><![CDATA[]]></system-err>
</testsuite>
